2019-07-20 22:52:22.082 [main] INFO  Academy.E2EProject.HomePage - User Validation Success
2019-07-20 22:52:26.534 [main] INFO  Academy.E2EProject.HomePage - Navigated to Homepage
2019-07-20 22:52:30.147 [main] INFO  Academy.E2EProject.HomePage - User Validation Success
2019-07-20 23:08:55.111 [main] INFO  Academy.E2EProject.ValidateTitle - Driver is initialized
2019-07-20 23:08:58.474 [main] INFO  Academy.E2EProject.ValidateTitle - Navigated to Homepage
2019-07-20 23:08:58.898 [main] INFO  Academy.E2EProject.ValidateTitle - Page Title Validated Successfully
2019-07-20 23:09:03.981 [main] INFO  Academy.E2EProject.validateNavigationBar - Driver is initialized
2019-07-20 23:09:07.745 [main] INFO  Academy.E2EProject.validateNavigationBar - Navigated to homepage
2019-07-20 23:09:07.901 [main] INFO  Academy.E2EProject.validateNavigationBar - Navigated Successfully
2019-07-20 23:09:12.961 [main] INFO  Academy.E2EProject.HomePage - Driver is initialized
2019-07-20 23:09:16.180 [main] INFO  Academy.E2EProject.HomePage - Navigated to Homepage
2019-07-20 23:09:23.721 [main] INFO  Academy.E2EProject.HomePage - User Validation Success
2019-07-20 23:09:29.021 [main] INFO  Academy.E2EProject.HomePage - Navigated to Homepage
2019-07-20 23:09:32.819 [main] INFO  Academy.E2EProject.HomePage - User Validation Success
2019-07-21 22:41:52.774 [main] INFO  Academy.E2EProject.ValidateTitle - Driver is initialized
2019-07-21 22:41:57.173 [main] INFO  Academy.E2EProject.ValidateTitle - Navigated to Homepage
2019-07-21 22:41:57.551 [main] INFO  Academy.E2EProject.ValidateTitle - Page Title Validated Successfully
2019-07-21 22:42:01.079 [main] INFO  Academy.E2EProject.validateNavigationBar - Driver is initialized
2019-07-21 22:42:04.880 [main] INFO  Academy.E2EProject.validateNavigationBar - Navigated to homepage
2019-07-21 22:42:05.022 [main] INFO  Academy.E2EProject.validateNavigationBar - Navigated Successfully
2019-07-21 22:42:08.664 [main] INFO  Academy.E2EProject.HomePage - Driver is initialized
2019-07-21 22:42:12.097 [main] INFO  Academy.E2EProject.HomePage - Navigated to Homepage
2019-07-21 22:42:19.631 [main] INFO  Academy.E2EProject.HomePage - User Validation Success
2019-07-21 22:42:25.395 [main] INFO  Academy.E2EProject.HomePage - Navigated to Homepage
2019-07-21 22:42:29.733 [main] INFO  Academy.E2EProject.HomePage - User Validation Success
